
ROM used:   356/8192 (4%)
            356/8192 (4%) including unused fragments

            0.4 Average locations per line
            4.0 Average locations per statement

RAM used:   10/368 (3%) at main() level
            11/368 (3%) worst case

Stack used: 1 worst case (1 in main + 0 for interrupts)
Stack size: 8

Lines Stmts  %   Files
----- ----- ---  -----
  134    88 100  ESTRUCTURAS_CONTROL.c
  796     0   0  ..\..\..\..\..\..\..\Program Files (x86)\PICC\Devices\16F887.h
----- -----
  930    88 Total

Page ROM  %  RAM    Vol Diff  Functions:
---- --- --- ---    --- ----  ----------
0     21   6    1             @delay_ms1
0    331  93    3   3355  9.9  main
 Inline         0             @cinit1

Program metrics:
    Functions               1
    Statements              88
    Comments                143
    Volume (V)              3361
    Difficulty (D)          9.8
    Effort to implement (E) 33096
    Time to implement (T)   31 minutes
    Est Delivered Bugs (B)  0
    Cyclomatic Complexity   11
    Maintainability (MI)    38

 Segment     Used  Free
-----------  ----  ----
00000-00003     4  0  
00004-007FF   352  1692  
00800-00FFF     0  2048  
01000-017FF     0  2048  
01800-01FFF     0  2048  



